<?xml version="1.0" encoding="UTF-8"?>
<coverage generated="1652804786312" clover="3.2.0">
  <project timestamp="1652804786312" name="All files">
    <metrics statements="110" coveredstatements="96" conditionals="36" coveredconditionals="27" methods="21" coveredmethods="19" elements="167" coveredelements="142" complexity="0" loc="110" ncloc="110" packages="3" files="3" classes="3"/>
    <package name="entities">
      <metrics statements="63" coveredstatements="52" conditionals="18" coveredconditionals="13" methods="11" coveredmethods="9"/>
      <file name="parseAlgorithm.ts" path="/Users/juandavidjaramillo/Documents/xml_algorith_interpreter/src/entities/parseAlgorithm.ts">
        <metrics statements="63" coveredstatements="52" conditionals="18" coveredconditionals="13" methods="11" coveredmethods="9"/>
        <line num="1" count="1" type="stmt"/>
        <line num="2" count="1" type="stmt"/>
        <line num="4" count="1" type="stmt"/>
        <line num="5" count="1" type="stmt"/>
        <line num="7" count="1" type="stmt"/>
        <line num="15" count="8" type="stmt"/>
        <line num="16" count="8" type="stmt"/>
        <line num="17" count="8" type="stmt"/>
        <line num="18" count="8" type="stmt"/>
        <line num="24" count="1" type="stmt"/>
        <line num="25" count="0" type="stmt"/>
        <line num="26" count="0" type="stmt"/>
        <line num="32" count="1" type="stmt"/>
        <line num="33" count="4" type="stmt"/>
        <line num="43" count="1" type="stmt"/>
        <line num="44" count="4" type="stmt"/>
        <line num="45" count="4" type="stmt"/>
        <line num="46" count="4" type="stmt"/>
        <line num="47" count="4" type="stmt"/>
        <line num="48" count="4" type="cond" truecount="1" falsecount="0"/>
        <line num="49" count="4" type="stmt"/>
        <line num="50" count="4" type="stmt"/>
        <line num="52" count="0" type="cond" truecount="0" falsecount="4"/>
        <line num="53" count="0" type="stmt"/>
        <line num="55" count="0" type="stmt"/>
        <line num="66" count="1" type="stmt"/>
        <line num="67" count="4" type="stmt"/>
        <line num="68" count="36" type="stmt"/>
        <line num="69" count="36" type="stmt"/>
        <line num="70" count="36" type="stmt"/>
        <line num="71" count="36" type="stmt"/>
        <line num="73" count="4" type="stmt"/>
        <line num="82" count="1" type="stmt"/>
        <line num="83" count="38" type="cond" truecount="4" falsecount="0"/>
        <line num="84" count="37" type="stmt"/>
        <line num="85" count="37" type="stmt"/>
        <line num="86" count="66" type="cond" truecount="2" falsecount="0"/>
        <line num="87" count="34" type="stmt"/>
        <line num="89" count="32" type="stmt"/>
        <line num="92" count="5" type="stmt"/>
        <line num="102" count="1" type="stmt"/>
        <line num="103" count="38" type="cond" truecount="4" falsecount="0"/>
        <line num="104" count="37" type="stmt"/>
        <line num="105" count="37" type="stmt"/>
        <line num="106" count="94" type="cond" truecount="2" falsecount="0"/>
        <line num="107" count="37" type="stmt"/>
        <line num="109" count="57" type="cond" truecount="0" falsecount="1"/>
        <line num="110" count="0" type="stmt"/>
        <line num="112" count="57" type="stmt"/>
        <line num="115" count="37" type="stmt"/>
        <line num="123" count="1" type="stmt"/>
        <line num="124" count="8" type="stmt"/>
        <line num="125" count="8" type="stmt"/>
        <line num="127" count="0" type="stmt"/>
        <line num="136" count="1" type="stmt"/>
        <line num="137" count="4" type="stmt"/>
        <line num="138" count="4" type="stmt"/>
        <line num="140" count="0" type="stmt"/>
        <line num="150" count="1" type="stmt"/>
        <line num="151" count="0" type="stmt"/>
        <line num="152" count="0" type="stmt"/>
        <line num="154" count="0" type="stmt"/>
        <line num="157" count="1" type="stmt"/>
      </file>
    </package>
    <package name="interfaceAdapters">
      <metrics statements="18" coveredstatements="18" conditionals="8" coveredconditionals="6" methods="5" coveredmethods="5"/>
      <file name="errorHandling.ts" path="/Users/juandavidjaramillo/Documents/xml_algorith_interpreter/src/interfaceAdapters/errorHandling.ts">
        <metrics statements="18" coveredstatements="18" conditionals="8" coveredconditionals="6" methods="5" coveredmethods="5"/>
        <line num="1" count="2" type="cond" truecount="2" falsecount="0"/>
        <line num="2" count="2" type="stmt"/>
        <line num="3" count="2" type="stmt"/>
        <line num="4" count="2" type="stmt"/>
        <line num="7" count="2" type="stmt"/>
        <line num="10" count="2" type="cond" truecount="1" falsecount="1"/>
        <line num="11" count="2" type="stmt"/>
        <line num="12" count="2" type="stmt"/>
        <line num="14" count="2" type="cond" truecount="1" falsecount="0"/>
        <line num="15" count="2" type="stmt"/>
        <line num="18" count="2" type="stmt"/>
        <line num="20" count="2" type="stmt"/>
        <line num="23" count="2" type="cond" truecount="1" falsecount="1"/>
        <line num="24" count="2" type="stmt"/>
        <line num="25" count="2" type="stmt"/>
        <line num="27" count="2" type="cond" truecount="1" falsecount="0"/>
        <line num="28" count="2" type="stmt"/>
        <line num="31" count="2" type="stmt"/>
      </file>
    </package>
    <package name="useCases">
      <metrics statements="29" coveredstatements="26" conditionals="10" coveredconditionals="8" methods="5" coveredmethods="5"/>
      <file name="formatDate.ts" path="/Users/juandavidjaramillo/Documents/xml_algorith_interpreter/src/useCases/formatDate.ts">
        <metrics statements="29" coveredstatements="26" conditionals="10" coveredconditionals="8" methods="5" coveredmethods="5"/>
        <line num="2" count="2" type="stmt"/>
        <line num="4" count="2" type="stmt"/>
        <line num="14" count="2" type="stmt"/>
        <line num="15" count="5" type="stmt"/>
        <line num="16" count="5" type="stmt"/>
        <line num="17" count="5" type="stmt"/>
        <line num="23" count="5" type="stmt"/>
        <line num="25" count="0" type="cond" truecount="0" falsecount="2"/>
        <line num="26" count="0" type="stmt"/>
        <line num="28" count="0" type="stmt"/>
        <line num="39" count="2" type="stmt"/>
        <line num="40" count="8" type="cond" truecount="1" falsecount="0"/>
        <line num="41" count="7" type="cond" truecount="1" falsecount="0"/>
        <line num="42" count="6" type="stmt"/>
        <line num="43" count="6" type="stmt"/>
        <line num="44" count="6" type="stmt"/>
        <line num="45" count="6" type="stmt"/>
        <line num="46" count="6" type="stmt"/>
        <line num="47" count="6" type="stmt"/>
        <line num="55" count="6" type="stmt"/>
        <line num="56" count="18" type="cond" truecount="1" falsecount="0"/>
        <line num="57" count="18" type="cond" truecount="1" falsecount="0"/>
        <line num="58" count="18" type="cond" truecount="1" falsecount="0"/>
        <line num="61" count="6" type="stmt"/>
        <line num="62" count="18" type="cond" truecount="1" falsecount="0"/>
        <line num="63" count="18" type="cond" truecount="1" falsecount="0"/>
        <line num="64" count="18" type="cond" truecount="1" falsecount="0"/>
        <line num="67" count="6" type="stmt"/>
        <line num="69" count="2" type="stmt"/>
      </file>
    </package>
  </project>
</coverage>
