{"/Users/juandavidjaramillo/Documents/xml_algorith_interpreter/src/entities/parseAlgorithm.ts": {"path":"/Users/juandavidjaramillo/Documents/xml_algorith_interpreter/src/entities/parseAlgorithm.ts","statementMap":{"0":{"start":{"line":1,"column":0},"end":{"line":1,"column":36}},"1":{"start":{"line":2,"column":0},"end":{"line":2,"column":34}},"2":{"start":{"line":4,"column":0},"end":{"line":4,"column":51}},"3":{"start":{"line":5,"column":0},"end":{"line":5,"column":118}},"4":{"start":{"line":7,"column":0},"end":{"line":7,"column":13}},"5":{"start":{"line":15,"column":8},"end":{"line":15,"column":null}},"6":{"start":{"line":16,"column":8},"end":{"line":16,"column":null}},"7":{"start":{"line":17,"column":8},"end":{"line":17,"column":null}},"8":{"start":{"line":18,"column":8},"end":{"line":18,"column":null}},"9":{"start":{"line":24,"column":4},"end":{"line":27,"column":null}},"10":{"start":{"line":25,"column":32},"end":{"line":25,"column":84}},"11":{"start":{"line":26,"column":8},"end":{"line":26,"column":null}},"12":{"start":{"line":32,"column":4},"end":{"line":34,"column":null}},"13":{"start":{"line":33,"column":8},"end":{"line":33,"column":null}},"14":{"start":{"line":43,"column":12},"end":{"line":58,"column":null}},"15":{"start":{"line":44,"column":8},"end":{"line":57,"column":null}},"16":{"start":{"line":45,"column":32},"end":{"line":45,"column":68}},"17":{"start":{"line":46,"column":46},"end":{"line":46,"column":85}},"18":{"start":{"line":47,"column":31},"end":{"line":47,"column":115}},"19":{"start":{"line":48,"column":12},"end":{"line":48,"column":null}},"20":{"start":{"line":48,"column":47},"end":{"line":48,"column":null}},"21":{"start":{"line":49,"column":35},"end":{"line":49,"column":63}},"22":{"start":{"line":50,"column":12},"end":{"line":50,"column":null}},"23":{"start":{"line":52,"column":12},"end":{"line":56,"column":null}},"24":{"start":{"line":53,"column":16},"end":{"line":53,"column":null}},"25":{"start":{"line":55,"column":16},"end":{"line":55,"column":null}},"26":{"start":{"line":66,"column":4},"end":{"line":74,"column":null}},"27":{"start":{"line":67,"column":8},"end":{"line":72,"column":null}},"28":{"start":{"line":68,"column":39},"end":{"line":68,"column":62}},"29":{"start":{"line":69,"column":40},"end":{"line":69,"column":54}},"30":{"start":{"line":70,"column":35},"end":{"line":70,"column":89}},"31":{"start":{"line":71,"column":12},"end":{"line":71,"column":null}},"32":{"start":{"line":73,"column":8},"end":{"line":73,"column":null}},"33":{"start":{"line":82,"column":4},"end":{"line":93,"column":null}},"34":{"start":{"line":83,"column":8},"end":{"line":83,"column":null}},"35":{"start":{"line":83,"column":65},"end":{"line":83,"column":null}},"36":{"start":{"line":84,"column":33},"end":{"line":84,"column":44}},"37":{"start":{"line":85,"column":8},"end":{"line":91,"column":null}},"38":{"start":{"line":85,"column":21},"end":{"line":85,"column":22}},"39":{"start":{"line":86,"column":12},"end":{"line":90,"column":null}},"40":{"start":{"line":87,"column":16},"end":{"line":87,"column":null}},"41":{"start":{"line":89,"column":16},"end":{"line":89,"column":null}},"42":{"start":{"line":92,"column":8},"end":{"line":92,"column":null}},"43":{"start":{"line":102,"column":4},"end":{"line":116,"column":null}},"44":{"start":{"line":103,"column":8},"end":{"line":103,"column":null}},"45":{"start":{"line":103,"column":66},"end":{"line":103,"column":null}},"46":{"start":{"line":104,"column":33},"end":{"line":104,"column":45}},"47":{"start":{"line":105,"column":8},"end":{"line":114,"column":null}},"48":{"start":{"line":105,"column":21},"end":{"line":105,"column":22}},"49":{"start":{"line":106,"column":12},"end":{"line":113,"column":null}},"50":{"start":{"line":107,"column":16},"end":{"line":107,"column":null}},"51":{"start":{"line":109,"column":16},"end":{"line":111,"column":null}},"52":{"start":{"line":110,"column":20},"end":{"line":110,"column":null}},"53":{"start":{"line":112,"column":16},"end":{"line":112,"column":null}},"54":{"start":{"line":115,"column":8},"end":{"line":115,"column":null}},"55":{"start":{"line":123,"column":4},"end":{"line":129,"column":null}},"56":{"start":{"line":124,"column":8},"end":{"line":128,"column":null}},"57":{"start":{"line":125,"column":12},"end":{"line":125,"column":null}},"58":{"start":{"line":127,"column":12},"end":{"line":127,"column":null}},"59":{"start":{"line":136,"column":4},"end":{"line":142,"column":null}},"60":{"start":{"line":137,"column":8},"end":{"line":141,"column":null}},"61":{"start":{"line":138,"column":12},"end":{"line":138,"column":null}},"62":{"start":{"line":140,"column":12},"end":{"line":140,"column":null}},"63":{"start":{"line":150,"column":12},"end":{"line":156,"column":null}},"64":{"start":{"line":151,"column":8},"end":{"line":155,"column":null}},"65":{"start":{"line":152,"column":12},"end":{"line":152,"column":null}},"66":{"start":{"line":154,"column":12},"end":{"line":154,"column":null}},"67":{"start":{"line":157,"column":0},"end":{"line":157,"column":null}},"68":{"start":{"line":7,"column":13},"end":{"line":7,"column":22}}},"fnMap":{"0":{"name":"(anonymous_6)","decl":{"start":{"line":7,"column":0},"end":{"line":7,"column":13}},"loc":{"start":{"line":7,"column":0},"end":{"line":157,"column":null}}},"1":{"name":"ParseFile","decl":{"start":{"line":14,"column":4},"end":{"line":14,"column":17}},"loc":{"start":{"line":14,"column":86},"end":{"line":19,"column":5}}},"2":{"name":"(anonymous_8)","decl":{"start":{"line":24,"column":4},"end":{"line":24,"column":13}},"loc":{"start":{"line":24,"column":4},"end":{"line":27,"column":5}}},"3":{"name":"(anonymous_9)","decl":{"start":{"line":32,"column":4},"end":{"line":32,"column":20}},"loc":{"start":{"line":32,"column":4},"end":{"line":34,"column":5}}},"4":{"name":"(anonymous_10)","decl":{"start":{"line":43,"column":4},"end":{"line":43,"column":12}},"loc":{"start":{"line":43,"column":65},"end":{"line":58,"column":5}}},"5":{"name":"(anonymous_11)","decl":{"start":{"line":66,"column":4},"end":{"line":66,"column":32}},"loc":{"start":{"line":66,"column":121},"end":{"line":74,"column":5}}},"6":{"name":"(anonymous_12)","decl":{"start":{"line":82,"column":4},"end":{"line":82,"column":20}},"loc":{"start":{"line":82,"column":73},"end":{"line":93,"column":5}}},"7":{"name":"(anonymous_13)","decl":{"start":{"line":102,"column":4},"end":{"line":102,"column":18}},"loc":{"start":{"line":102,"column":90},"end":{"line":116,"column":5}}},"8":{"name":"(anonymous_14)","decl":{"start":{"line":123,"column":4},"end":{"line":123,"column":25}},"loc":{"start":{"line":123,"column":41},"end":{"line":129,"column":5}}},"9":{"name":"(anonymous_15)","decl":{"start":{"line":136,"column":4},"end":{"line":136,"column":25}},"loc":{"start":{"line":136,"column":44},"end":{"line":142,"column":5}}},"10":{"name":"(anonymous_16)","decl":{"start":{"line":150,"column":4},"end":{"line":150,"column":12}},"loc":{"start":{"line":150,"column":46},"end":{"line":156,"column":5}}}},"branchMap":{"0":{"loc":{"start":{"line":48,"column":12},"end":{"line":48,"column":null}},"type":"if","locations":[{"start":{"line":48,"column":12},"end":{"line":48,"column":null}}]},"1":{"loc":{"start":{"line":52,"column":12},"end":{"line":56,"column":null}},"type":"if","locations":[{"start":{"line":52,"column":12},"end":{"line":56,"column":null}},{"start":{"line":54,"column":19},"end":{"line":56,"column":null}}]},"2":{"loc":{"start":{"line":52,"column":16},"end":{"line":52,"column":101}},"type":"binary-expr","locations":[{"start":{"line":52,"column":16},"end":{"line":52,"column":58}},{"start":{"line":52,"column":62},"end":{"line":52,"column":101}}]},"3":{"loc":{"start":{"line":83,"column":8},"end":{"line":83,"column":null}},"type":"if","locations":[{"start":{"line":83,"column":8},"end":{"line":83,"column":null}}]},"4":{"loc":{"start":{"line":83,"column":12},"end":{"line":83,"column":63}},"type":"binary-expr","locations":[{"start":{"line":83,"column":12},"end":{"line":83,"column":24}},{"start":{"line":83,"column":28},"end":{"line":83,"column":40}},{"start":{"line":83,"column":44},"end":{"line":83,"column":63}}]},"5":{"loc":{"start":{"line":86,"column":12},"end":{"line":90,"column":null}},"type":"if","locations":[{"start":{"line":86,"column":12},"end":{"line":90,"column":null}},{"start":{"line":88,"column":19},"end":{"line":90,"column":null}}]},"6":{"loc":{"start":{"line":103,"column":8},"end":{"line":103,"column":null}},"type":"if","locations":[{"start":{"line":103,"column":8},"end":{"line":103,"column":null}}]},"7":{"loc":{"start":{"line":103,"column":12},"end":{"line":103,"column":64}},"type":"binary-expr","locations":[{"start":{"line":103,"column":12},"end":{"line":103,"column":25}},{"start":{"line":103,"column":29},"end":{"line":103,"column":41}},{"start":{"line":103,"column":45},"end":{"line":103,"column":64}}]},"8":{"loc":{"start":{"line":106,"column":12},"end":{"line":113,"column":null}},"type":"if","locations":[{"start":{"line":106,"column":12},"end":{"line":113,"column":null}},{"start":{"line":108,"column":19},"end":{"line":113,"column":null}}]},"9":{"loc":{"start":{"line":109,"column":16},"end":{"line":111,"column":null}},"type":"if","locations":[{"start":{"line":109,"column":16},"end":{"line":111,"column":null}}]}},"s":{"0":1,"1":1,"2":1,"3":1,"4":1,"5":8,"6":8,"7":8,"8":8,"9":1,"10":0,"11":0,"12":1,"13":4,"14":1,"15":4,"16":4,"17":4,"18":4,"19":4,"20":4,"21":4,"22":4,"23":0,"24":0,"25":0,"26":1,"27":4,"28":36,"29":36,"30":36,"31":36,"32":4,"33":1,"34":38,"35":1,"36":37,"37":37,"38":37,"39":66,"40":34,"41":32,"42":5,"43":1,"44":38,"45":1,"46":37,"47":37,"48":37,"49":94,"50":37,"51":57,"52":0,"53":57,"54":37,"55":1,"56":8,"57":8,"58":0,"59":1,"60":4,"61":4,"62":0,"63":1,"64":0,"65":0,"66":0,"67":1,"68":1},"f":{"0":1,"1":8,"2":0,"3":4,"4":4,"5":4,"6":38,"7":38,"8":8,"9":4,"10":0},"b":{"0":[4],"1":[0,0],"2":[0,0],"3":[1],"4":[38,38,38],"5":[34,32],"6":[1],"7":[38,38,38],"8":[37,57],"9":[0]}}
,"/Users/juandavidjaramillo/Documents/xml_algorith_interpreter/src/interfaceAdapters/errorHandling.ts": {"path":"/Users/juandavidjaramillo/Documents/xml_algorith_interpreter/src/interfaceAdapters/errorHandling.ts","statementMap":{"0":{"start":{"line":1,"column":0},"end":{"line":1,"column":null}},"1":{"start":{"line":2,"column":2},"end":{"line":2,"column":null}},"2":{"start":{"line":3,"column":2},"end":{"line":3,"column":null}},"3":{"start":{"line":4,"column":2},"end":{"line":4,"column":null}},"4":{"start":{"line":7,"column":0},"end":{"line":7,"column":null}},"5":{"start":{"line":7,"column":47},"end":{"line":7,"column":52}},"6":{"start":{"line":10,"column":4},"end":{"line":10,"column":null}},"7":{"start":{"line":11,"column":4},"end":{"line":11,"column":null}},"8":{"start":{"line":12,"column":4},"end":{"line":12,"column":null}},"9":{"start":{"line":14,"column":4},"end":{"line":16,"column":null}},"10":{"start":{"line":15,"column":6},"end":{"line":15,"column":null}},"11":{"start":{"line":18,"column":0},"end":{"line":18,"column":null}},"12":{"start":{"line":7,"column":13},"end":{"line":7,"column":38}},"13":{"start":{"line":20,"column":0},"end":{"line":20,"column":null}},"14":{"start":{"line":20,"column":44},"end":{"line":20,"column":49}},"15":{"start":{"line":23,"column":4},"end":{"line":23,"column":null}},"16":{"start":{"line":24,"column":4},"end":{"line":24,"column":null}},"17":{"start":{"line":25,"column":4},"end":{"line":25,"column":null}},"18":{"start":{"line":27,"column":4},"end":{"line":29,"column":null}},"19":{"start":{"line":28,"column":6},"end":{"line":28,"column":null}},"20":{"start":{"line":31,"column":0},"end":{"line":31,"column":null}},"21":{"start":{"line":20,"column":13},"end":{"line":20,"column":35}}},"fnMap":{"0":{"name":"(anonymous_6)","decl":{"start":{"line":1,"column":0},"end":{"line":1,"column":12}},"loc":{"start":{"line":1,"column":26},"end":{"line":5,"column":1}}},"1":{"name":"(anonymous_7)","decl":{"start":{"line":7,"column":0},"end":{"line":7,"column":13}},"loc":{"start":{"line":7,"column":0},"end":{"line":18,"column":null}}},"2":{"name":"ExceptionParsingAlgorithm","decl":{"start":{"line":9,"column":2},"end":{"line":9,"column":14}},"loc":{"start":{"line":9,"column":66},"end":{"line":17,"column":3}}},"3":{"name":"(anonymous_9)","decl":{"start":{"line":20,"column":0},"end":{"line":20,"column":13}},"loc":{"start":{"line":20,"column":0},"end":{"line":31,"column":null}}},"4":{"name":"ExceptionDateFormating","decl":{"start":{"line":22,"column":2},"end":{"line":22,"column":14}},"loc":{"start":{"line":22,"column":66},"end":{"line":30,"column":3}}}},"branchMap":{"0":{"loc":{"start":{"line":1,"column":12},"end":{"line":1,"column":null}},"type":"binary-expr","locations":[{"start":{"line":1,"column":12},"end":{"line":1,"column":26}},{"start":{"line":1,"column":12},"end":{"line":1,"column":null}}]},"1":{"loc":{"start":{"line":10,"column":4},"end":{"line":10,"column":null}},"type":"binary-expr","locations":[{"start":{"line":10,"column":4},"end":{"line":10,"column":18}},{"start":{"line":10,"column":18},"end":{"line":10,"column":null}}]},"2":{"loc":{"start":{"line":14,"column":4},"end":{"line":16,"column":null}},"type":"if","locations":[{"start":{"line":14,"column":4},"end":{"line":16,"column":null}}]},"3":{"loc":{"start":{"line":23,"column":4},"end":{"line":23,"column":null}},"type":"binary-expr","locations":[{"start":{"line":23,"column":4},"end":{"line":23,"column":18}},{"start":{"line":23,"column":18},"end":{"line":23,"column":null}}]},"4":{"loc":{"start":{"line":27,"column":4},"end":{"line":29,"column":null}},"type":"if","locations":[{"start":{"line":27,"column":4},"end":{"line":29,"column":null}}]}},"s":{"0":2,"1":2,"2":2,"3":2,"4":2,"5":2,"6":2,"7":2,"8":2,"9":2,"10":2,"11":2,"12":2,"13":2,"14":2,"15":2,"16":2,"17":2,"18":2,"19":2,"20":2,"21":2},"f":{"0":2,"1":2,"2":2,"3":2,"4":2},"b":{"0":[2,2],"1":[2,0],"2":[2],"3":[2,0],"4":[2]}}
,"/Users/juandavidjaramillo/Documents/xml_algorith_interpreter/src/useCases/formatDate.ts": {"path":"/Users/juandavidjaramillo/Documents/xml_algorith_interpreter/src/useCases/formatDate.ts","statementMap":{"0":{"start":{"line":2,"column":0},"end":{"line":2,"column":91}},"1":{"start":{"line":4,"column":0},"end":{"line":4,"column":13}},"2":{"start":{"line":14,"column":2},"end":{"line":31,"column":null}},"3":{"start":{"line":15,"column":4},"end":{"line":30,"column":null}},"4":{"start":{"line":16,"column":19},"end":{"line":16,"column":67}},"5":{"start":{"line":17,"column":52},"end":{"line":22,"column":null}},"6":{"start":{"line":23,"column":6},"end":{"line":23,"column":null}},"7":{"start":{"line":25,"column":6},"end":{"line":29,"column":null}},"8":{"start":{"line":26,"column":8},"end":{"line":26,"column":null}},"9":{"start":{"line":28,"column":8},"end":{"line":28,"column":null}},"10":{"start":{"line":39,"column":2},"end":{"line":68,"column":null}},"11":{"start":{"line":40,"column":4},"end":{"line":40,"column":null}},"12":{"start":{"line":40,"column":40},"end":{"line":40,"column":null}},"13":{"start":{"line":41,"column":4},"end":{"line":41,"column":null}},"14":{"start":{"line":41,"column":31},"end":{"line":41,"column":null}},"15":{"start":{"line":42,"column":29},"end":{"line":42,"column":69}},"16":{"start":{"line":43,"column":39},"end":{"line":43,"column":70}},"17":{"start":{"line":44,"column":26},"end":{"line":44,"column":56}},"18":{"start":{"line":45,"column":25},"end":{"line":45,"column":65}},"19":{"start":{"line":46,"column":26},"end":{"line":46,"column":70}},"20":{"start":{"line":47,"column":25},"end":{"line":47,"column":79}},"21":{"start":{"line":55,"column":4},"end":{"line":59,"column":null}},"22":{"start":{"line":56,"column":6},"end":{"line":56,"column":null}},"23":{"start":{"line":56,"column":27},"end":{"line":56,"column":null}},"24":{"start":{"line":57,"column":6},"end":{"line":57,"column":null}},"25":{"start":{"line":57,"column":25},"end":{"line":57,"column":null}},"26":{"start":{"line":58,"column":6},"end":{"line":58,"column":null}},"27":{"start":{"line":58,"column":25},"end":{"line":58,"column":null}},"28":{"start":{"line":61,"column":4},"end":{"line":65,"column":null}},"29":{"start":{"line":62,"column":6},"end":{"line":62,"column":null}},"30":{"start":{"line":62,"column":25},"end":{"line":62,"column":null}},"31":{"start":{"line":63,"column":6},"end":{"line":63,"column":null}},"32":{"start":{"line":63,"column":25},"end":{"line":63,"column":null}},"33":{"start":{"line":64,"column":6},"end":{"line":64,"column":null}},"34":{"start":{"line":64,"column":25},"end":{"line":64,"column":null}},"35":{"start":{"line":67,"column":4},"end":{"line":67,"column":null}},"36":{"start":{"line":69,"column":0},"end":{"line":69,"column":null}},"37":{"start":{"line":4,"column":13},"end":{"line":4,"column":23}}},"fnMap":{"0":{"name":"(anonymous_2)","decl":{"start":{"line":4,"column":0},"end":{"line":4,"column":13}},"loc":{"start":{"line":4,"column":0},"end":{"line":69,"column":null}}},"1":{"name":"(anonymous_4)","decl":{"start":{"line":14,"column":2},"end":{"line":14,"column":12}},"loc":{"start":{"line":14,"column":72},"end":{"line":31,"column":3}}},"2":{"name":"(anonymous_5)","decl":{"start":{"line":39,"column":2},"end":{"line":39,"column":20}},"loc":{"start":{"line":39,"column":80},"end":{"line":68,"column":3}}},"3":{"name":"(anonymous_6)","decl":{"start":{"line":55,"column":25},"end":{"line":55,"column":26}},"loc":{"start":{"line":55,"column":37},"end":{"line":59,"column":5}}},"4":{"name":"(anonymous_7)","decl":{"start":{"line":61,"column":25},"end":{"line":61,"column":26}},"loc":{"start":{"line":61,"column":37},"end":{"line":65,"column":5}}}},"branchMap":{"0":{"loc":{"start":{"line":25,"column":6},"end":{"line":29,"column":null}},"type":"if","locations":[{"start":{"line":25,"column":6},"end":{"line":29,"column":null}},{"start":{"line":27,"column":13},"end":{"line":29,"column":null}}]},"1":{"loc":{"start":{"line":40,"column":4},"end":{"line":40,"column":null}},"type":"if","locations":[{"start":{"line":40,"column":4},"end":{"line":40,"column":null}}]},"2":{"loc":{"start":{"line":41,"column":4},"end":{"line":41,"column":null}},"type":"if","locations":[{"start":{"line":41,"column":4},"end":{"line":41,"column":null}}]},"3":{"loc":{"start":{"line":56,"column":6},"end":{"line":56,"column":null}},"type":"if","locations":[{"start":{"line":56,"column":6},"end":{"line":56,"column":null}}]},"4":{"loc":{"start":{"line":57,"column":6},"end":{"line":57,"column":null}},"type":"if","locations":[{"start":{"line":57,"column":6},"end":{"line":57,"column":null}}]},"5":{"loc":{"start":{"line":58,"column":6},"end":{"line":58,"column":null}},"type":"if","locations":[{"start":{"line":58,"column":6},"end":{"line":58,"column":null}}]},"6":{"loc":{"start":{"line":62,"column":6},"end":{"line":62,"column":null}},"type":"if","locations":[{"start":{"line":62,"column":6},"end":{"line":62,"column":null}}]},"7":{"loc":{"start":{"line":63,"column":6},"end":{"line":63,"column":null}},"type":"if","locations":[{"start":{"line":63,"column":6},"end":{"line":63,"column":null}}]},"8":{"loc":{"start":{"line":64,"column":6},"end":{"line":64,"column":null}},"type":"if","locations":[{"start":{"line":64,"column":6},"end":{"line":64,"column":null}}]}},"s":{"0":2,"1":2,"2":2,"3":5,"4":5,"5":5,"6":5,"7":0,"8":0,"9":0,"10":2,"11":8,"12":1,"13":7,"14":1,"15":6,"16":6,"17":6,"18":6,"19":6,"20":6,"21":6,"22":18,"23":6,"24":18,"25":6,"26":18,"27":6,"28":6,"29":18,"30":6,"31":18,"32":6,"33":18,"34":6,"35":6,"36":2,"37":2},"f":{"0":14,"1":5,"2":8,"3":18,"4":18},"b":{"0":[0,0],"1":[1],"2":[1],"3":[6],"4":[6],"5":[6],"6":[6],"7":[6],"8":[6]}}
}
