TN:
SF:src/entities/parseAlgorithm.ts
FN:7,(anonymous_6)
FN:14,ParseFile
FN:24,(anonymous_8)
FN:32,(anonymous_9)
FN:43,(anonymous_10)
FN:66,(anonymous_11)
FN:82,(anonymous_12)
FN:102,(anonymous_13)
FN:123,(anonymous_14)
FN:136,(anonymous_15)
FN:150,(anonymous_16)
FNF:11
FNH:9
FNDA:1,(anonymous_6)
FNDA:8,ParseFile
FNDA:0,(anonymous_8)
FNDA:4,(anonymous_9)
FNDA:4,(anonymous_10)
FNDA:4,(anonymous_11)
FNDA:38,(anonymous_12)
FNDA:38,(anonymous_13)
FNDA:8,(anonymous_14)
FNDA:4,(anonymous_15)
FNDA:0,(anonymous_16)
DA:1,1
DA:2,1
DA:4,1
DA:5,1
DA:7,1
DA:15,8
DA:16,8
DA:17,8
DA:18,8
DA:24,1
DA:25,0
DA:26,0
DA:32,1
DA:33,4
DA:43,1
DA:44,4
DA:45,4
DA:46,4
DA:47,4
DA:48,4
DA:49,4
DA:50,4
DA:52,0
DA:53,0
DA:55,0
DA:66,1
DA:67,4
DA:68,36
DA:69,36
DA:70,36
DA:71,36
DA:73,4
DA:82,1
DA:83,38
DA:84,37
DA:85,37
DA:86,66
DA:87,34
DA:89,32
DA:92,5
DA:102,1
DA:103,38
DA:104,37
DA:105,37
DA:106,94
DA:107,37
DA:109,57
DA:110,0
DA:112,57
DA:115,37
DA:123,1
DA:124,8
DA:125,8
DA:127,0
DA:136,1
DA:137,4
DA:138,4
DA:140,0
DA:150,1
DA:151,0
DA:152,0
DA:154,0
DA:157,1
LF:63
LH:52
BRDA:48,0,0,4
BRDA:52,1,0,0
BRDA:52,1,1,0
BRDA:52,2,0,0
BRDA:52,2,1,0
BRDA:83,3,0,1
BRDA:83,4,0,38
BRDA:83,4,1,38
BRDA:83,4,2,38
BRDA:86,5,0,34
BRDA:86,5,1,32
BRDA:103,6,0,1
BRDA:103,7,0,38
BRDA:103,7,1,38
BRDA:103,7,2,38
BRDA:106,8,0,37
BRDA:106,8,1,57
BRDA:109,9,0,0
BRF:18
BRH:13
end_of_record
TN:
SF:src/interfaceAdapters/errorHandling.ts
FN:1,(anonymous_6)
FN:7,(anonymous_7)
FN:9,ExceptionParsingAlgorithm
FN:20,(anonymous_9)
FN:22,ExceptionDateFormating
FNF:5
FNH:5
FNDA:2,(anonymous_6)
FNDA:2,(anonymous_7)
FNDA:2,ExceptionParsingAlgorithm
FNDA:2,(anonymous_9)
FNDA:2,ExceptionDateFormating
DA:1,2
DA:2,2
DA:3,2
DA:4,2
DA:7,2
DA:10,2
DA:11,2
DA:12,2
DA:14,2
DA:15,2
DA:18,2
DA:20,2
DA:23,2
DA:24,2
DA:25,2
DA:27,2
DA:28,2
DA:31,2
LF:18
LH:18
BRDA:1,0,0,2
BRDA:1,0,1,2
BRDA:10,1,0,2
BRDA:10,1,1,0
BRDA:14,2,0,2
BRDA:23,3,0,2
BRDA:23,3,1,0
BRDA:27,4,0,2
BRF:8
BRH:6
end_of_record
TN:
SF:src/useCases/formatDate.ts
FN:4,(anonymous_2)
FN:14,(anonymous_4)
FN:39,(anonymous_5)
FN:55,(anonymous_6)
FN:61,(anonymous_7)
FNF:5
FNH:5
FNDA:14,(anonymous_2)
FNDA:5,(anonymous_4)
FNDA:8,(anonymous_5)
FNDA:18,(anonymous_6)
FNDA:18,(anonymous_7)
DA:2,2
DA:4,2
DA:14,2
DA:15,5
DA:16,5
DA:17,5
DA:23,5
DA:25,0
DA:26,0
DA:28,0
DA:39,2
DA:40,8
DA:41,7
DA:42,6
DA:43,6
DA:44,6
DA:45,6
DA:46,6
DA:47,6
DA:55,6
DA:56,18
DA:57,18
DA:58,18
DA:61,6
DA:62,18
DA:63,18
DA:64,18
DA:67,6
DA:69,2
LF:29
LH:26
BRDA:25,0,0,0
BRDA:25,0,1,0
BRDA:40,1,0,1
BRDA:41,2,0,1
BRDA:56,3,0,6
BRDA:57,4,0,6
BRDA:58,5,0,6
BRDA:62,6,0,6
BRDA:63,7,0,6
BRDA:64,8,0,6
BRF:10
BRH:8
end_of_record
